2026-02-21 07:59:29,750 - INFO - Opening LinkedIn. Please log in if prompted...
2026-02-21 07:59:47,910 - WARNING - No LinkedIn credentials provided. Please log in manually.
2026-02-21 08:08:22,183 - INFO - Opening LinkedIn. Please log in if prompted...
2026-02-21 08:08:30,235 - WARNING - No LinkedIn credentials provided. Please log in manually.
2026-02-21 08:09:00,238 - INFO - Starting LinkedIn Watcher...
2026-02-21 08:19:17,597 - ERROR - Error checking mentions: Message: invalid session id: session deleted as the browser has closed the connection
from disconnected: not connected to DevTools
  (Session info: chrome=145.0.7632.76); For documentation on this error, please visit: https://www.selenium.dev/documentation/webdriver/troubleshooting/errors#invalidsessionidexception
Stacktrace:
Symbols not available. Dumping unresolved backtrace:
	0x7ff68c2e4435
	0x7ff68c2e4490
	0x7ff68c07d49d
	0x7ff68c0689b2
	0x7ff68c08ed75
	0x7ff68c108ec0
	0x7ff68c125072
	0x7ff68c0c8e38
	0x7ff68c0c9d23
	0x7ff68c5b3b30
	0x7ff68c5ae3b8
	0x7ff68c5ce72a
	0x7ff68c3007e5
	0x7ff68c30978c
	0x7ff68c2ed794
	0x7ff68c2ed946
	0x7ff68c2d3457
	0x7ffaea8d7374
	0x7ffaeb1dcc91

2026-02-21 08:19:18,091 - ERROR - Error checking posts: Message: invalid session id; For documentation on this error, please visit: https://www.selenium.dev/documentation/webdriver/troubleshooting/errors#invalidsessionidexception
Stacktrace:
Symbols not available. Dumping unresolved backtrace:
	0x7ff68c2e4435
	0x7ff68c2e4490
	0x7ff68c07d286
	0x7ff68c0c7eb3
	0x7ff68c1016d2
	0x7ff68c0fb821
	0x7ff68c0faab3
	0x7ff68c046295
	0x7ff68c5b3b30
	0x7ff68c5ae3b8
	0x7ff68c5ce72a
	0x7ff68c3007e5
	0x7ff68c30978c
	0x7ff68c0450fa
	0x7ff68c716798
	0x7ffaea8d7374
	0x7ffaeb1dcc91

2026-02-21 08:24:18,126 - ERROR - Error checking mentions: Message: invalid session id; For documentation on this error, please visit: https://www.selenium.dev/documentation/webdriver/troubleshooting/errors#invalidsessionidexception
Stacktrace:
Symbols not available. Dumping unresolved backtrace:
	0x7ff68c2e4435
	0x7ff68c2e4490
	0x7ff68c07d286
	0x7ff68c0c7eb3
	0x7ff68c1016d2
	0x7ff68c0fb821
	0x7ff68c0faab3
	0x7ff68c046295
	0x7ff68c5b3b30
	0x7ff68c5ae3b8
	0x7ff68c5ce72a
	0x7ff68c3007e5
	0x7ff68c30978c
	0x7ff68c0450fa
	0x7ff68c716798
	0x7ffaea8d7374
	0x7ffaeb1dcc91

2026-02-21 08:24:18,130 - ERROR - Error checking posts: Message: invalid session id; For documentation on this error, please visit: https://www.selenium.dev/documentation/webdriver/troubleshooting/errors#invalidsessionidexception
Stacktrace:
Symbols not available. Dumping unresolved backtrace:
	0x7ff68c2e4435
	0x7ff68c2e4490
	0x7ff68c07d286
	0x7ff68c0c7eb3
	0x7ff68c1016d2
	0x7ff68c0fb821
	0x7ff68c0faab3
	0x7ff68c046295
	0x7ff68c5b3b30
	0x7ff68c5ae3b8
	0x7ff68c5ce72a
	0x7ff68c3007e5
	0x7ff68c30978c
	0x7ff68c0450fa
	0x7ff68c716798
	0x7ffaea8d7374
	0x7ffaeb1dcc91

2026-02-21 08:29:18,151 - ERROR - Error checking mentions: Message: invalid session id; For documentation on this error, please visit: https://www.selenium.dev/documentation/webdriver/troubleshooting/errors#invalidsessionidexception
Stacktrace:
Symbols not available. Dumping unresolved backtrace:
	0x7ff68c2e4435
	0x7ff68c2e4490
	0x7ff68c07d286
	0x7ff68c0c7eb3
	0x7ff68c1016d2
	0x7ff68c0fb821
	0x7ff68c0faab3
	0x7ff68c046295
	0x7ff68c5b3b30
	0x7ff68c5ae3b8
	0x7ff68c5ce72a
	0x7ff68c3007e5
	0x7ff68c30978c
	0x7ff68c0450fa
	0x7ff68c716798
	0x7ffaea8d7374
	0x7ffaeb1dcc91

2026-02-21 08:29:18,220 - ERROR - Error checking posts: Message: invalid session id; For documentation on this error, please visit: https://www.selenium.dev/documentation/webdriver/troubleshooting/errors#invalidsessionidexception
Stacktrace:
Symbols not available. Dumping unresolved backtrace:
	0x7ff68c2e4435
	0x7ff68c2e4490
	0x7ff68c07d286
	0x7ff68c0c7eb3
	0x7ff68c1016d2
	0x7ff68c0fb821
	0x7ff68c0faab3
	0x7ff68c046295
	0x7ff68c5b3b30
	0x7ff68c5ae3b8
	0x7ff68c5ce72a
	0x7ff68c3007e5
	0x7ff68c30978c
	0x7ff68c0450fa
	0x7ff68c716798
	0x7ffaea8d7374
	0x7ffaeb1dcc91

2026-02-21 08:34:18,253 - ERROR - Error checking mentions: Message: invalid session id; For documentation on this error, please visit: https://www.selenium.dev/documentation/webdriver/troubleshooting/errors#invalidsessionidexception
Stacktrace:
Symbols not available. Dumping unresolved backtrace:
	0x7ff68c2e4435
	0x7ff68c2e4490
	0x7ff68c07d286
	0x7ff68c0c7eb3
	0x7ff68c1016d2
	0x7ff68c0fb821
	0x7ff68c0faab3
	0x7ff68c046295
	0x7ff68c5b3b30
	0x7ff68c5ae3b8
	0x7ff68c5ce72a
	0x7ff68c3007e5
	0x7ff68c30978c
	0x7ff68c0450fa
	0x7ff68c716798
	0x7ffaea8d7374
	0x7ffaeb1dcc91

2026-02-21 08:34:18,253 - ERROR - Error checking posts: Message: invalid session id; For documentation on this error, please visit: https://www.selenium.dev/documentation/webdriver/troubleshooting/errors#invalidsessionidexception
Stacktrace:
Symbols not available. Dumping unresolved backtrace:
	0x7ff68c2e4435
	0x7ff68c2e4490
	0x7ff68c07d286
	0x7ff68c0c7eb3
	0x7ff68c1016d2
	0x7ff68c0fb821
	0x7ff68c0faab3
	0x7ff68c046295
	0x7ff68c5b3b30
	0x7ff68c5ae3b8
	0x7ff68c5ce72a
	0x7ff68c3007e5
	0x7ff68c30978c
	0x7ff68c0450fa
	0x7ff68c716798
	0x7ffaea8d7374
	0x7ffaeb1dcc91

2026-02-21 08:39:18,272 - ERROR - Error checking mentions: Message: invalid session id; For documentation on this error, please visit: https://www.selenium.dev/documentation/webdriver/troubleshooting/errors#invalidsessionidexception
Stacktrace:
Symbols not available. Dumping unresolved backtrace:
	0x7ff68c2e4435
	0x7ff68c2e4490
	0x7ff68c07d286
	0x7ff68c0c7eb3
	0x7ff68c1016d2
	0x7ff68c0fb821
	0x7ff68c0faab3
	0x7ff68c046295
	0x7ff68c5b3b30
	0x7ff68c5ae3b8
	0x7ff68c5ce72a
	0x7ff68c3007e5
	0x7ff68c30978c
	0x7ff68c0450fa
	0x7ff68c716798
	0x7ffaea8d7374
	0x7ffaeb1dcc91

2026-02-21 08:39:18,289 - ERROR - Error checking posts: Message: invalid session id; For documentation on this error, please visit: https://www.selenium.dev/documentation/webdriver/troubleshooting/errors#invalidsessionidexception
Stacktrace:
Symbols not available. Dumping unresolved backtrace:
	0x7ff68c2e4435
	0x7ff68c2e4490
	0x7ff68c07d286
	0x7ff68c0c7eb3
	0x7ff68c1016d2
	0x7ff68c0fb821
	0x7ff68c0faab3
	0x7ff68c046295
	0x7ff68c5b3b30
	0x7ff68c5ae3b8
	0x7ff68c5ce72a
	0x7ff68c3007e5
	0x7ff68c30978c
	0x7ff68c0450fa
	0x7ff68c716798
	0x7ffaea8d7374
	0x7ffaeb1dcc91

2026-02-21 08:44:18,326 - ERROR - Error checking mentions: Message: invalid session id; For documentation on this error, please visit: https://www.selenium.dev/documentation/webdriver/troubleshooting/errors#invalidsessionidexception
Stacktrace:
Symbols not available. Dumping unresolved backtrace:
	0x7ff68c2e4435
	0x7ff68c2e4490
	0x7ff68c07d286
	0x7ff68c0c7eb3
	0x7ff68c1016d2
	0x7ff68c0fb821
	0x7ff68c0faab3
	0x7ff68c046295
	0x7ff68c5b3b30
	0x7ff68c5ae3b8
	0x7ff68c5ce72a
	0x7ff68c3007e5
	0x7ff68c30978c
	0x7ff68c0450fa
	0x7ff68c716798
	0x7ffaea8d7374
	0x7ffaeb1dcc91

2026-02-21 08:44:18,350 - ERROR - Error checking posts: Message: invalid session id; For documentation on this error, please visit: https://www.selenium.dev/documentation/webdriver/troubleshooting/errors#invalidsessionidexception
Stacktrace:
Symbols not available. Dumping unresolved backtrace:
	0x7ff68c2e4435
	0x7ff68c2e4490
	0x7ff68c07d286
	0x7ff68c0c7eb3
	0x7ff68c1016d2
	0x7ff68c0fb821
	0x7ff68c0faab3
	0x7ff68c046295
	0x7ff68c5b3b30
	0x7ff68c5ae3b8
	0x7ff68c5ce72a
	0x7ff68c3007e5
	0x7ff68c30978c
	0x7ff68c0450fa
	0x7ff68c716798
	0x7ffaea8d7374
	0x7ffaeb1dcc91

2026-02-21 08:49:18,366 - ERROR - Error checking mentions: Message: invalid session id; For documentation on this error, please visit: https://www.selenium.dev/documentation/webdriver/troubleshooting/errors#invalidsessionidexception
Stacktrace:
Symbols not available. Dumping unresolved backtrace:
	0x7ff68c2e4435
	0x7ff68c2e4490
	0x7ff68c07d286
	0x7ff68c0c7eb3
	0x7ff68c1016d2
	0x7ff68c0fb821
	0x7ff68c0faab3
	0x7ff68c046295
	0x7ff68c5b3b30
	0x7ff68c5ae3b8
	0x7ff68c5ce72a
	0x7ff68c3007e5
	0x7ff68c30978c
	0x7ff68c0450fa
	0x7ff68c716798
	0x7ffaea8d7374
	0x7ffaeb1dcc91

2026-02-21 08:49:18,390 - ERROR - Error checking posts: Message: invalid session id; For documentation on this error, please visit: https://www.selenium.dev/documentation/webdriver/troubleshooting/errors#invalidsessionidexception
Stacktrace:
Symbols not available. Dumping unresolved backtrace:
	0x7ff68c2e4435
	0x7ff68c2e4490
	0x7ff68c07d286
	0x7ff68c0c7eb3
	0x7ff68c1016d2
	0x7ff68c0fb821
	0x7ff68c0faab3
	0x7ff68c046295
	0x7ff68c5b3b30
	0x7ff68c5ae3b8
	0x7ff68c5ce72a
	0x7ff68c3007e5
	0x7ff68c30978c
	0x7ff68c0450fa
	0x7ff68c716798
	0x7ffaea8d7374
	0x7ffaeb1dcc91

2026-02-21 08:54:18,414 - ERROR - Error checking mentions: Message: invalid session id; For documentation on this error, please visit: https://www.selenium.dev/documentation/webdriver/troubleshooting/errors#invalidsessionidexception
Stacktrace:
Symbols not available. Dumping unresolved backtrace:
	0x7ff68c2e4435
	0x7ff68c2e4490
	0x7ff68c07d286
	0x7ff68c0c7eb3
	0x7ff68c1016d2
	0x7ff68c0fb821
	0x7ff68c0faab3
	0x7ff68c046295
	0x7ff68c5b3b30
	0x7ff68c5ae3b8
	0x7ff68c5ce72a
	0x7ff68c3007e5
	0x7ff68c30978c
	0x7ff68c0450fa
	0x7ff68c716798
	0x7ffaea8d7374
	0x7ffaeb1dcc91

2026-02-21 08:54:18,420 - ERROR - Error checking posts: Message: invalid session id; For documentation on this error, please visit: https://www.selenium.dev/documentation/webdriver/troubleshooting/errors#invalidsessionidexception
Stacktrace:
Symbols not available. Dumping unresolved backtrace:
	0x7ff68c2e4435
	0x7ff68c2e4490
	0x7ff68c07d286
	0x7ff68c0c7eb3
	0x7ff68c1016d2
	0x7ff68c0fb821
	0x7ff68c0faab3
	0x7ff68c046295
	0x7ff68c5b3b30
	0x7ff68c5ae3b8
	0x7ff68c5ce72a
	0x7ff68c3007e5
	0x7ff68c30978c
	0x7ff68c0450fa
	0x7ff68c716798
	0x7ffaea8d7374
	0x7ffaeb1dcc91

2026-02-21 08:59:18,427 - ERROR - Error checking mentions: Message: invalid session id; For documentation on this error, please visit: https://www.selenium.dev/documentation/webdriver/troubleshooting/errors#invalidsessionidexception
Stacktrace:
Symbols not available. Dumping unresolved backtrace:
	0x7ff68c2e4435
	0x7ff68c2e4490
	0x7ff68c07d286
	0x7ff68c0c7eb3
	0x7ff68c1016d2
	0x7ff68c0fb821
	0x7ff68c0faab3
	0x7ff68c046295
	0x7ff68c5b3b30
	0x7ff68c5ae3b8
	0x7ff68c5ce72a
	0x7ff68c3007e5
	0x7ff68c30978c
	0x7ff68c0450fa
	0x7ff68c716798
	0x7ffaea8d7374
	0x7ffaeb1dcc91

2026-02-21 08:59:18,442 - ERROR - Error checking posts: Message: invalid session id; For documentation on this error, please visit: https://www.selenium.dev/documentation/webdriver/troubleshooting/errors#invalidsessionidexception
Stacktrace:
Symbols not available. Dumping unresolved backtrace:
	0x7ff68c2e4435
	0x7ff68c2e4490
	0x7ff68c07d286
	0x7ff68c0c7eb3
	0x7ff68c1016d2
	0x7ff68c0fb821
	0x7ff68c0faab3
	0x7ff68c046295
	0x7ff68c5b3b30
	0x7ff68c5ae3b8
	0x7ff68c5ce72a
	0x7ff68c3007e5
	0x7ff68c30978c
	0x7ff68c0450fa
	0x7ff68c716798
	0x7ffaea8d7374
	0x7ffaeb1dcc91

2026-02-21 09:04:18,459 - ERROR - Error checking mentions: Message: invalid session id; For documentation on this error, please visit: https://www.selenium.dev/documentation/webdriver/troubleshooting/errors#invalidsessionidexception
Stacktrace:
Symbols not available. Dumping unresolved backtrace:
	0x7ff68c2e4435
	0x7ff68c2e4490
	0x7ff68c07d286
	0x7ff68c0c7eb3
	0x7ff68c1016d2
	0x7ff68c0fb821
	0x7ff68c0faab3
	0x7ff68c046295
	0x7ff68c5b3b30
	0x7ff68c5ae3b8
	0x7ff68c5ce72a
	0x7ff68c3007e5
	0x7ff68c30978c
	0x7ff68c0450fa
	0x7ff68c716798
	0x7ffaea8d7374
	0x7ffaeb1dcc91

2026-02-21 09:04:18,491 - ERROR - Error checking posts: Message: invalid session id; For documentation on this error, please visit: https://www.selenium.dev/documentation/webdriver/troubleshooting/errors#invalidsessionidexception
Stacktrace:
Symbols not available. Dumping unresolved backtrace:
	0x7ff68c2e4435
	0x7ff68c2e4490
	0x7ff68c07d286
	0x7ff68c0c7eb3
	0x7ff68c1016d2
	0x7ff68c0fb821
	0x7ff68c0faab3
	0x7ff68c046295
	0x7ff68c5b3b30
	0x7ff68c5ae3b8
	0x7ff68c5ce72a
	0x7ff68c3007e5
	0x7ff68c30978c
	0x7ff68c0450fa
	0x7ff68c716798
	0x7ffaea8d7374
	0x7ffaeb1dcc91

2026-02-21 09:04:18,539 - ERROR - Error auto-posting to LinkedIn: Message: invalid session id; For documentation on this error, please visit: https://www.selenium.dev/documentation/webdriver/troubleshooting/errors#invalidsessionidexception
Stacktrace:
Symbols not available. Dumping unresolved backtrace:
	0x7ff68c2e4435
	0x7ff68c2e4490
	0x7ff68c07d286
	0x7ff68c0c7eb3
	0x7ff68c1016d2
	0x7ff68c0fb821
	0x7ff68c0faab3
	0x7ff68c046295
	0x7ff68c5b3b30
	0x7ff68c5ae3b8
	0x7ff68c5ce72a
	0x7ff68c3007e5
	0x7ff68c30978c
	0x7ff68c0450fa
	0x7ff68c716798
	0x7ffaea8d7374
	0x7ffaeb1dcc91

2026-02-21 09:09:18,584 - ERROR - Error checking mentions: Message: invalid session id; For documentation on this error, please visit: https://www.selenium.dev/documentation/webdriver/troubleshooting/errors#invalidsessionidexception
Stacktrace:
Symbols not available. Dumping unresolved backtrace:
	0x7ff68c2e4435
	0x7ff68c2e4490
	0x7ff68c07d286
	0x7ff68c0c7eb3
	0x7ff68c1016d2
	0x7ff68c0fb821
	0x7ff68c0faab3
	0x7ff68c046295
	0x7ff68c5b3b30
	0x7ff68c5ae3b8
	0x7ff68c5ce72a
	0x7ff68c3007e5
	0x7ff68c30978c
	0x7ff68c0450fa
	0x7ff68c716798
	0x7ffaea8d7374
	0x7ffaeb1dcc91

2026-02-21 09:09:18,616 - ERROR - Error checking posts: Message: invalid session id; For documentation on this error, please visit: https://www.selenium.dev/documentation/webdriver/troubleshooting/errors#invalidsessionidexception
Stacktrace:
Symbols not available. Dumping unresolved backtrace:
	0x7ff68c2e4435
	0x7ff68c2e4490
	0x7ff68c07d286
	0x7ff68c0c7eb3
	0x7ff68c1016d2
	0x7ff68c0fb821
	0x7ff68c0faab3
	0x7ff68c046295
	0x7ff68c5b3b30
	0x7ff68c5ae3b8
	0x7ff68c5ce72a
	0x7ff68c3007e5
	0x7ff68c30978c
	0x7ff68c0450fa
	0x7ff68c716798
	0x7ffaea8d7374
	0x7ffaeb1dcc91

2026-02-21 09:09:18,656 - ERROR - Error auto-posting to LinkedIn: Message: invalid session id; For documentation on this error, please visit: https://www.selenium.dev/documentation/webdriver/troubleshooting/errors#invalidsessionidexception
Stacktrace:
Symbols not available. Dumping unresolved backtrace:
	0x7ff68c2e4435
	0x7ff68c2e4490
	0x7ff68c07d286
	0x7ff68c0c7eb3
	0x7ff68c1016d2
	0x7ff68c0fb821
	0x7ff68c0faab3
	0x7ff68c046295
	0x7ff68c5b3b30
	0x7ff68c5ae3b8
	0x7ff68c5ce72a
	0x7ff68c3007e5
	0x7ff68c30978c
	0x7ff68c0450fa
	0x7ff68c716798
	0x7ffaea8d7374
	0x7ffaeb1dcc91

2026-02-21 09:14:18,730 - ERROR - Error checking mentions: Message: invalid session id; For documentation on this error, please visit: https://www.selenium.dev/documentation/webdriver/troubleshooting/errors#invalidsessionidexception
Stacktrace:
Symbols not available. Dumping unresolved backtrace:
	0x7ff68c2e4435
	0x7ff68c2e4490
	0x7ff68c07d286
	0x7ff68c0c7eb3
	0x7ff68c1016d2
	0x7ff68c0fb821
	0x7ff68c0faab3
	0x7ff68c046295
	0x7ff68c5b3b30
	0x7ff68c5ae3b8
	0x7ff68c5ce72a
	0x7ff68c3007e5
	0x7ff68c30978c
	0x7ff68c0450fa
	0x7ff68c716798
	0x7ffaea8d7374
	0x7ffaeb1dcc91

2026-02-21 09:14:18,769 - ERROR - Error checking posts: Message: invalid session id; For documentation on this error, please visit: https://www.selenium.dev/documentation/webdriver/troubleshooting/errors#invalidsessionidexception
Stacktrace:
Symbols not available. Dumping unresolved backtrace:
	0x7ff68c2e4435
	0x7ff68c2e4490
	0x7ff68c07d286
	0x7ff68c0c7eb3
	0x7ff68c1016d2
	0x7ff68c0fb821
	0x7ff68c0faab3
	0x7ff68c046295
	0x7ff68c5b3b30
	0x7ff68c5ae3b8
	0x7ff68c5ce72a
	0x7ff68c3007e5
	0x7ff68c30978c
	0x7ff68c0450fa
	0x7ff68c716798
	0x7ffaea8d7374
	0x7ffaeb1dcc91

2026-02-21 09:14:18,783 - ERROR - Error auto-posting to LinkedIn: Message: invalid session id; For documentation on this error, please visit: https://www.selenium.dev/documentation/webdriver/troubleshooting/errors#invalidsessionidexception
Stacktrace:
Symbols not available. Dumping unresolved backtrace:
	0x7ff68c2e4435
	0x7ff68c2e4490
	0x7ff68c07d286
	0x7ff68c0c7eb3
	0x7ff68c1016d2
	0x7ff68c0fb821
	0x7ff68c0faab3
	0x7ff68c046295
	0x7ff68c5b3b30
	0x7ff68c5ae3b8
	0x7ff68c5ce72a
	0x7ff68c3007e5
	0x7ff68c30978c
	0x7ff68c0450fa
	0x7ff68c716798
	0x7ffaea8d7374
	0x7ffaeb1dcc91

2026-02-21 09:19:18,794 - ERROR - Error checking mentions: Message: invalid session id; For documentation on this error, please visit: https://www.selenium.dev/documentation/webdriver/troubleshooting/errors#invalidsessionidexception
Stacktrace:
Symbols not available. Dumping unresolved backtrace:
	0x7ff68c2e4435
	0x7ff68c2e4490
	0x7ff68c07d286
	0x7ff68c0c7eb3
	0x7ff68c1016d2
	0x7ff68c0fb821
	0x7ff68c0faab3
	0x7ff68c046295
	0x7ff68c5b3b30
	0x7ff68c5ae3b8
	0x7ff68c5ce72a
	0x7ff68c3007e5
	0x7ff68c30978c
	0x7ff68c0450fa
	0x7ff68c716798
	0x7ffaea8d7374
	0x7ffaeb1dcc91

2026-02-21 09:19:18,818 - ERROR - Error checking posts: Message: invalid session id; For documentation on this error, please visit: https://www.selenium.dev/documentation/webdriver/troubleshooting/errors#invalidsessionidexception
Stacktrace:
Symbols not available. Dumping unresolved backtrace:
	0x7ff68c2e4435
	0x7ff68c2e4490
	0x7ff68c07d286
	0x7ff68c0c7eb3
	0x7ff68c1016d2
	0x7ff68c0fb821
	0x7ff68c0faab3
	0x7ff68c046295
	0x7ff68c5b3b30
	0x7ff68c5ae3b8
	0x7ff68c5ce72a
	0x7ff68c3007e5
	0x7ff68c30978c
	0x7ff68c0450fa
	0x7ff68c716798
	0x7ffaea8d7374
	0x7ffaeb1dcc91

2026-02-21 09:19:18,823 - ERROR - Error auto-posting to LinkedIn: Message: invalid session id; For documentation on this error, please visit: https://www.selenium.dev/documentation/webdriver/troubleshooting/errors#invalidsessionidexception
Stacktrace:
Symbols not available. Dumping unresolved backtrace:
	0x7ff68c2e4435
	0x7ff68c2e4490
	0x7ff68c07d286
	0x7ff68c0c7eb3
	0x7ff68c1016d2
	0x7ff68c0fb821
	0x7ff68c0faab3
	0x7ff68c046295
	0x7ff68c5b3b30
	0x7ff68c5ae3b8
	0x7ff68c5ce72a
	0x7ff68c3007e5
	0x7ff68c30978c
	0x7ff68c0450fa
	0x7ff68c716798
	0x7ffaea8d7374
	0x7ffaeb1dcc91

2026-02-21 10:10:37,937 - ERROR - Error checking mentions: Message: invalid session id; For documentation on this error, please visit: https://www.selenium.dev/documentation/webdriver/troubleshooting/errors#invalidsessionidexception
Stacktrace:
Symbols not available. Dumping unresolved backtrace:
	0x7ff68c2e4435
	0x7ff68c2e4490
	0x7ff68c07d286
	0x7ff68c0c7eb3
	0x7ff68c1016d2
	0x7ff68c0fb821
	0x7ff68c0faab3
	0x7ff68c046295
	0x7ff68c5b3b30
	0x7ff68c5ae3b8
	0x7ff68c5ce72a
	0x7ff68c3007e5
	0x7ff68c30978c
	0x7ff68c0450fa
	0x7ff68c716798
	0x7ffaea8d7374
	0x7ffaeb1dcc91

2026-02-21 10:10:37,953 - ERROR - Error checking posts: Message: invalid session id; For documentation on this error, please visit: https://www.selenium.dev/documentation/webdriver/troubleshooting/errors#invalidsessionidexception
Stacktrace:
Symbols not available. Dumping unresolved backtrace:
	0x7ff68c2e4435
	0x7ff68c2e4490
	0x7ff68c07d286
	0x7ff68c0c7eb3
	0x7ff68c1016d2
	0x7ff68c0fb821
	0x7ff68c0faab3
	0x7ff68c046295
	0x7ff68c5b3b30
	0x7ff68c5ae3b8
	0x7ff68c5ce72a
	0x7ff68c3007e5
	0x7ff68c30978c
	0x7ff68c0450fa
	0x7ff68c716798
	0x7ffaea8d7374
	0x7ffaeb1dcc91

