2026-02-21 08:29:49,740 - INFO - Ralph Loop Runner initialized with max_iterations=10
2026-02-21 08:29:49,740 - INFO - Starting daily loop with Ralph Wiggum Stop hook...
2026-02-21 08:29:49,740 - INFO - Found 20 items in Needs_Action
2026-02-21 08:29:49,740 - INFO - Processing action item 1/20: DAILY_STATUS_REPORT_20260218_122248.md
2026-02-21 08:29:49,740 - INFO - Created plan file: PLAN_20260221_082949_3157080968.md
2026-02-21 08:29:49,740 - INFO - Processing iteration 1 for task: Daily Status Report
2026-02-21 08:29:49,790 - INFO - Task completed at iteration 1: Daily Status Report
2026-02-21 08:29:49,790 - INFO - Moved DAILY_STATUS_REPORT_20260218_122248.md to Done
2026-02-21 08:29:49,790 - INFO - Processing action item 2/20: DAILY_STATUS_REPORT_20260218_122707.md
2026-02-21 08:29:49,790 - INFO - Created plan file: PLAN_20260221_082949_3157080968.md
2026-02-21 08:29:49,790 - INFO - Processing iteration 1 for task: Daily Status Report
2026-02-21 08:29:49,840 - INFO - Task completed at iteration 1: Daily Status Report
2026-02-21 08:29:49,840 - INFO - Moved DAILY_STATUS_REPORT_20260218_122707.md to Done
2026-02-21 08:29:49,840 - INFO - Processing action item 3/20: DAILY_STATUS_REPORT_20260218_123101.md
2026-02-21 08:29:49,840 - INFO - Created plan file: PLAN_20260221_082949_3157080968.md
2026-02-21 08:29:49,840 - INFO - Processing iteration 1 for task: Daily Status Report
2026-02-21 08:29:49,889 - INFO - Task completed at iteration 1: Daily Status Report
2026-02-21 08:29:49,897 - INFO - Moved DAILY_STATUS_REPORT_20260218_123101.md to Done
2026-02-21 08:29:49,897 - INFO - Processing action item 4/20: DEMO_TASK_20260221_073908.md
2026-02-21 08:29:49,897 - INFO - Created plan file: PLAN_20260221_082949_-607081247.md
2026-02-21 08:29:49,897 - INFO - Processing iteration 1 for task: Demo Task for Silver Tier
2026-02-21 08:29:49,945 - INFO - Task completed at iteration 1: Demo Task for Silver Tier
2026-02-21 08:29:49,945 - INFO - Moved DEMO_TASK_20260221_073908.md to Done
2026-02-21 08:29:49,945 - INFO - Processing action item 5/20: DEMO_TASK_20260221_082506.md
2026-02-21 08:29:49,965 - INFO - Created plan file: PLAN_20260221_082949_-607081247.md
2026-02-21 08:29:49,965 - INFO - Processing iteration 1 for task: Demo Task for Silver Tier
2026-02-21 08:29:50,000 - INFO - Task completed at iteration 1: Demo Task for Silver Tier
2026-02-21 08:29:50,000 - INFO - Moved DEMO_TASK_20260221_082506.md to Done
2026-02-21 08:29:50,000 - INFO - Processing action item 6/20: LINKEDIN_POST_20260218_122248.md
2026-02-21 08:29:50,009 - INFO - Created plan file: PLAN_20260221_082950_4186118685.md
2026-02-21 08:29:50,009 - INFO - Processing iteration 1 for task: LinkedIn Post Request
2026-02-21 08:29:50,055 - INFO - Task completed at iteration 1: LinkedIn Post Request
2026-02-21 08:29:50,055 - INFO - Moved LINKEDIN_POST_20260218_122248.md to Done
2026-02-21 08:29:50,055 - INFO - Processing action item 7/20: LINKEDIN_POST_20260218_122707.md
2026-02-21 08:29:50,060 - INFO - Created plan file: PLAN_20260221_082950_4186118685.md
2026-02-21 08:29:50,060 - INFO - Processing iteration 1 for task: LinkedIn Post Request
2026-02-21 08:29:50,110 - INFO - Task completed at iteration 1: LinkedIn Post Request
2026-02-21 08:29:50,115 - INFO - Moved LINKEDIN_POST_20260218_122707.md to Done
2026-02-21 08:29:50,115 - INFO - Processing action item 8/20: LINKEDIN_POST_20260218_123101.md
2026-02-21 08:29:50,120 - INFO - Created plan file: PLAN_20260221_082950_4186118685.md
2026-02-21 08:29:50,120 - INFO - Processing iteration 1 for task: LinkedIn Post Request
2026-02-21 08:29:50,165 - INFO - Task completed at iteration 1: LinkedIn Post Request
2026-02-21 08:29:50,165 - INFO - Moved LINKEDIN_POST_20260218_123101.md to Done
2026-02-21 08:29:50,165 - INFO - Processing action item 9/20: MORNING_TIP_MONDAY_20260218_122248.md
2026-02-21 08:29:50,170 - INFO - Created plan file: PLAN_20260221_082950_2696152112.md
2026-02-21 08:29:50,170 - INFO - Processing iteration 1 for task: Morning Business Tip - Monday
2026-02-21 08:29:50,220 - INFO - Task completed at iteration 1: Morning Business Tip - Monday
2026-02-21 08:29:50,220 - INFO - Moved MORNING_TIP_MONDAY_20260218_122248.md to Done
2026-02-21 08:29:50,220 - INFO - Processing action item 10/20: MORNING_TIP_MONDAY_20260218_122707.md
2026-02-21 08:29:50,225 - INFO - Created plan file: PLAN_20260221_082950_2696152112.md
2026-02-21 08:29:50,225 - INFO - Processing iteration 1 for task: Morning Business Tip - Monday
2026-02-21 08:29:50,275 - INFO - Task completed at iteration 1: Morning Business Tip - Monday
2026-02-21 08:29:50,275 - INFO - Moved MORNING_TIP_MONDAY_20260218_122707.md to Done
2026-02-21 08:29:50,275 - INFO - Processing action item 11/20: MORNING_TIP_MONDAY_20260218_123101.md
2026-02-21 08:29:50,280 - INFO - Created plan file: PLAN_20260221_082950_2696152112.md
2026-02-21 08:29:50,280 - INFO - Processing iteration 1 for task: Morning Business Tip - Monday
2026-02-21 08:29:50,329 - INFO - Task completed at iteration 1: Morning Business Tip - Monday
2026-02-21 08:29:50,334 - INFO - Moved MORNING_TIP_MONDAY_20260218_123101.md to Done
2026-02-21 08:29:50,334 - INFO - Processing action item 12/20: poster.md
2026-02-21 08:30:20,425 - INFO - Ralph Loop Runner initialized with max_iterations=10
2026-02-21 08:30:20,427 - INFO - Created plan file: PLAN_20260221_083020_5965546326.md
2026-02-21 08:30:20,499 - INFO - Created plan file: PLAN_20260221_083020_5965546326.md
2026-02-21 08:30:20,581 - INFO - Created plan file: PLAN_20260221_083020_5965546326.md
2026-02-21 08:30:21,123 - INFO - Created plan file: PLAN_20260221_083021_5965546326.md
2026-02-21 08:30:21,356 - INFO - Created plan file: PLAN_20260221_083021_4257953604.md
2026-02-21 08:30:21,587 - INFO - Created plan file: PLAN_20260221_083021_4257953604.md
2026-02-21 08:30:21,882 - INFO - Created plan file: PLAN_20260221_083021_4257953604.md
2026-02-21 08:30:22,205 - INFO - Created plan file: PLAN_20260221_083022_4257953604.md
