2026-02-18 12:18:38,397 - INFO - Analyzing task: Process urgent client payment request and send con...
2026-02-18 12:18:38,397 - INFO - Created plan file: PLAN_20260218_121838_241368050976522546.md
2026-02-18 12:18:38,397 - INFO - Analyzing task: Schedule LinkedIn posts for the week promoting our...
2026-02-18 12:18:38,411 - INFO - Created plan file: PLAN_20260218_121838_4560080689018064344.md
2026-02-18 12:18:38,413 - INFO - Analyzing task: Follow up on pending sales inquiries with personal...
2026-02-18 12:18:38,413 - INFO - Created plan file: PLAN_20260218_121838_3709635162855286459.md
2026-02-18 12:18:40,167 - INFO - Created scheduled post: LINKEDIN_POST_20260218_140000.json
2026-02-18 12:22:42,956 - INFO - Analyzing task: Process urgent client payment request and send con...
2026-02-18 12:22:42,958 - INFO - Created plan file: PLAN_20260218_122242_8233830282667993207.md
2026-02-18 12:22:42,958 - INFO - Analyzing task: Schedule LinkedIn posts for the week promoting our...
2026-02-18 12:22:42,958 - INFO - Created plan file: PLAN_20260218_122242_7325935758143940348.md
2026-02-18 12:22:42,958 - INFO - Analyzing task: Follow up on pending sales inquiries with personal...
2026-02-18 12:22:42,958 - INFO - Created plan file: PLAN_20260218_122242_4733237923612941061.md
2026-02-18 12:22:48,093 - INFO - Scheduled daily status report at 09:00
2026-02-18 12:22:48,093 - INFO - Scheduled daily cleanup at 23:00
2026-02-18 12:22:48,093 - INFO - Scheduled LinkedIn posting at 12:00
2026-02-18 12:22:48,093 - INFO - Scheduled weekly audit at Sunday 22:00
2026-02-18 12:22:48,103 - INFO - Scheduled morning business tips for weekdays at 09:00
2026-02-18 12:22:48,103 - INFO - Daily status report created: DAILY_STATUS_REPORT_20260218_122248.md
2026-02-18 12:22:48,103 - INFO - Morning tip created: MORNING_TIP_MONDAY_20260218_122248.md
2026-02-18 12:22:48,103 - INFO - Running scheduled LinkedIn posting...
2026-02-18 12:22:48,103 - INFO - LinkedIn post request created: LINKEDIN_POST_20260218_122248.md
2026-02-18 12:22:48,308 - INFO - Created scheduled post: LINKEDIN_POST_20260218_140000.json
2026-02-18 12:27:04,774 - INFO - Analyzing task: Process urgent client payment request and send con...
2026-02-18 12:27:04,774 - INFO - Created plan file: PLAN_20260218_122704_4627787593269269055.md
2026-02-18 12:27:04,774 - INFO - Analyzing task: Schedule LinkedIn posts for the week promoting our...
2026-02-18 12:27:04,790 - INFO - Created plan file: PLAN_20260218_122704_8545285721676182523.md
2026-02-18 12:27:04,790 - INFO - Analyzing task: Follow up on pending sales inquiries with personal...
2026-02-18 12:27:04,790 - INFO - Created plan file: PLAN_20260218_122704_1474034160456351110.md
2026-02-18 12:27:07,757 - INFO - Scheduled daily status report at 09:00
2026-02-18 12:27:07,757 - INFO - Scheduled daily cleanup at 23:00
2026-02-18 12:27:07,757 - INFO - Scheduled LinkedIn posting at 12:00
2026-02-18 12:27:07,757 - INFO - Scheduled weekly audit at Sunday 22:00
2026-02-18 12:27:07,757 - INFO - Scheduled morning business tips for weekdays at 09:00
2026-02-18 12:27:07,765 - INFO - Daily status report created: DAILY_STATUS_REPORT_20260218_122707.md
2026-02-18 12:27:07,765 - INFO - Morning tip created: MORNING_TIP_MONDAY_20260218_122707.md
2026-02-18 12:27:07,765 - INFO - Running scheduled LinkedIn posting...
2026-02-18 12:27:07,765 - INFO - LinkedIn post request created: LINKEDIN_POST_20260218_122707.md
2026-02-18 12:27:08,072 - INFO - Created scheduled post: LINKEDIN_POST_20260218_140000.json
2026-02-18 12:31:01,635 - INFO - Analyzing task: Process urgent client payment request and send con...
2026-02-18 12:31:01,643 - INFO - Created plan file: PLAN_20260218_123101_1553817163125152655.md
2026-02-18 12:31:01,643 - INFO - Analyzing task: Schedule LinkedIn posts for the week promoting our...
2026-02-18 12:31:01,643 - INFO - Created plan file: PLAN_20260218_123101_437720579901451151.md
2026-02-18 12:31:01,643 - INFO - Analyzing task: Follow up on pending sales inquiries with personal...
2026-02-18 12:31:01,643 - INFO - Created plan file: PLAN_20260218_123101_630710957229748152.md
2026-02-18 12:31:01,692 - INFO - Created approval request: APPROVAL_REQUEST_PAYMENT_20260218_123101_5359.md
2026-02-18 12:31:01,700 - INFO - Created approval request: APPROVAL_REQUEST_EMAIL_20260218_123101_1079.md
2026-02-18 12:31:01,700 - INFO - Created approval request: APPROVAL_REQUEST_ACTION_20260218_123101_7618.md
2026-02-18 12:31:01,716 - INFO - Scheduled daily status report at 09:00
2026-02-18 12:31:01,716 - INFO - Scheduled daily cleanup at 23:00
2026-02-18 12:31:01,716 - INFO - Scheduled LinkedIn posting at 12:00
2026-02-18 12:31:01,716 - INFO - Scheduled weekly audit at Sunday 22:00
2026-02-18 12:31:01,716 - INFO - Scheduled morning business tips for weekdays at 09:00
2026-02-18 12:31:01,724 - INFO - Daily status report created: DAILY_STATUS_REPORT_20260218_123101.md
2026-02-18 12:31:01,724 - INFO - Morning tip created: MORNING_TIP_MONDAY_20260218_123101.md
2026-02-18 12:31:01,724 - INFO - Running scheduled LinkedIn posting...
2026-02-18 12:31:01,740 - INFO - LinkedIn post request created: LINKEDIN_POST_20260218_123101.md
2026-02-18 12:31:02,445 - INFO - Created scheduled post: LINKEDIN_POST_20260218_140000.json
