2026-02-18 13:17:08,503 - ERROR - Credentials file not found at credentials.json
2026-02-18 13:17:08,505 - INFO - Please follow the Google API setup instructions to create credentials.json
2026-02-18 13:17:08,505 - INFO - Starting Gmail Watcher...
2026-02-18 13:17:08,505 - ERROR - Gmail service not initialized
2026-02-18 13:19:08,509 - ERROR - Gmail service not initialized
2026-02-18 13:21:08,510 - ERROR - Gmail service not initialized
2026-02-18 13:23:08,514 - ERROR - Gmail service not initialized
2026-02-18 13:25:08,521 - ERROR - Gmail service not initialized
2026-02-18 13:27:08,522 - ERROR - Gmail service not initialized
2026-02-18 13:29:08,530 - ERROR - Gmail service not initialized
2026-02-18 13:31:08,538 - ERROR - Gmail service not initialized
2026-02-18 13:33:08,547 - ERROR - Gmail service not initialized
2026-02-18 13:35:08,548 - ERROR - Gmail service not initialized
2026-02-18 13:37:08,549 - ERROR - Gmail service not initialized
2026-02-18 13:39:08,609 - ERROR - Gmail service not initialized
2026-02-18 13:41:08,611 - ERROR - Gmail service not initialized
2026-02-18 13:43:08,614 - ERROR - Gmail service not initialized
2026-02-18 13:45:08,615 - ERROR - Gmail service not initialized
2026-02-18 13:47:08,622 - ERROR - Gmail service not initialized
2026-02-18 13:49:08,624 - ERROR - Gmail service not initialized
2026-02-18 17:21:22,325 - ERROR - Gmail service not initialized
2026-02-18 17:23:22,402 - ERROR - Gmail service not initialized
2026-02-18 17:25:22,403 - ERROR - Gmail service not initialized
2026-02-18 17:27:22,404 - ERROR - Gmail service not initialized
2026-02-18 17:29:22,408 - ERROR - Gmail service not initialized
2026-02-18 17:31:22,436 - ERROR - Gmail service not initialized
2026-02-18 17:33:22,444 - ERROR - Gmail service not initialized
2026-02-18 17:35:22,446 - ERROR - Gmail service not initialized
2026-02-18 17:37:22,447 - ERROR - Gmail service not initialized
2026-02-18 17:39:22,458 - ERROR - Gmail service not initialized
2026-02-18 17:41:22,459 - ERROR - Gmail service not initialized
2026-02-18 17:43:22,462 - ERROR - Gmail service not initialized
2026-02-18 17:43:35,335 - ERROR - Credentials file not found at credentials.json
2026-02-18 17:43:35,338 - INFO - Please follow the Google API setup instructions to create credentials.json
2026-02-18 17:43:35,338 - INFO - Starting Gmail Watcher...
2026-02-18 17:43:35,338 - ERROR - Gmail service not initialized
2026-02-18 17:45:22,463 - ERROR - Gmail service not initialized
2026-02-18 17:45:35,340 - ERROR - Gmail service not initialized
2026-02-18 17:47:22,464 - ERROR - Gmail service not initialized
2026-02-18 17:47:35,341 - ERROR - Gmail service not initialized
2026-02-18 17:49:22,465 - ERROR - Gmail service not initialized
2026-02-18 17:49:35,342 - ERROR - Gmail service not initialized
2026-02-18 17:51:22,466 - ERROR - Gmail service not initialized
2026-02-18 17:51:35,343 - ERROR - Gmail service not initialized
2026-02-18 17:53:22,469 - ERROR - Gmail service not initialized
2026-02-18 17:53:35,344 - ERROR - Gmail service not initialized
2026-02-18 17:55:22,471 - ERROR - Gmail service not initialized
2026-02-18 17:55:35,345 - ERROR - Gmail service not initialized
2026-02-18 17:57:22,473 - ERROR - Gmail service not initialized
2026-02-18 17:57:35,348 - ERROR - Gmail service not initialized
2026-02-18 17:59:22,474 - ERROR - Gmail service not initialized
2026-02-18 17:59:35,349 - ERROR - Gmail service not initialized
2026-02-18 18:01:22,523 - ERROR - Gmail service not initialized
2026-02-18 18:01:35,355 - ERROR - Gmail service not initialized
2026-02-18 18:03:22,532 - ERROR - Gmail service not initialized
2026-02-18 18:03:35,357 - ERROR - Gmail service not initialized
2026-02-18 18:05:22,537 - ERROR - Gmail service not initialized
2026-02-18 18:05:35,360 - ERROR - Gmail service not initialized
2026-02-18 18:07:22,564 - ERROR - Gmail service not initialized
2026-02-18 18:07:35,363 - ERROR - Gmail service not initialized
2026-02-18 18:09:22,580 - ERROR - Gmail service not initialized
2026-02-18 18:09:35,369 - ERROR - Gmail service not initialized
2026-02-18 18:11:22,588 - ERROR - Gmail service not initialized
2026-02-18 18:11:35,376 - ERROR - Gmail service not initialized
2026-02-18 18:13:22,596 - ERROR - Gmail service not initialized
2026-02-18 18:13:35,398 - ERROR - Gmail service not initialized
2026-02-18 18:15:22,618 - ERROR - Gmail service not initialized
2026-02-18 18:15:35,410 - ERROR - Gmail service not initialized
2026-02-18 18:20:40,675 - ERROR - Gmail service not initialized
2026-02-18 18:20:53,472 - ERROR - Gmail service not initialized
2026-02-18 18:22:40,681 - ERROR - Gmail service not initialized
2026-02-18 18:22:53,473 - ERROR - Gmail service not initialized
2026-02-18 18:24:40,688 - ERROR - Gmail service not initialized
2026-02-18 18:24:53,474 - ERROR - Gmail service not initialized
2026-02-18 18:26:40,690 - ERROR - Gmail service not initialized
2026-02-18 18:26:53,479 - ERROR - Gmail service not initialized
2026-02-18 18:28:40,696 - ERROR - Gmail service not initialized
2026-02-18 18:28:53,481 - ERROR - Gmail service not initialized
2026-02-18 18:30:40,700 - ERROR - Gmail service not initialized
2026-02-18 18:30:53,483 - ERROR - Gmail service not initialized
2026-02-18 18:32:40,721 - ERROR - Gmail service not initialized
2026-02-18 18:32:53,485 - ERROR - Gmail service not initialized
2026-02-18 18:34:40,722 - ERROR - Gmail service not initialized
2026-02-18 18:34:53,486 - ERROR - Gmail service not initialized
2026-02-18 18:36:40,723 - ERROR - Gmail service not initialized
2026-02-18 18:36:53,487 - ERROR - Gmail service not initialized
2026-02-19 04:54:47,076 - ERROR - Gmail service not initialized
2026-02-19 04:54:59,835 - ERROR - Gmail service not initialized
2026-02-19 06:49:07,457 - ERROR - Gmail service not initialized
2026-02-19 06:49:20,189 - ERROR - Gmail service not initialized
2026-02-19 06:51:07,459 - ERROR - Gmail service not initialized
2026-02-19 06:51:20,191 - ERROR - Gmail service not initialized
2026-02-19 06:53:07,460 - ERROR - Gmail service not initialized
2026-02-19 06:53:20,193 - ERROR - Gmail service not initialized
2026-02-19 06:55:07,471 - ERROR - Gmail service not initialized
2026-02-19 06:55:20,200 - ERROR - Gmail service not initialized
2026-02-19 06:57:07,474 - ERROR - Gmail service not initialized
2026-02-19 06:57:20,201 - ERROR - Gmail service not initialized
2026-02-19 06:59:07,482 - ERROR - Gmail service not initialized
2026-02-19 06:59:20,203 - ERROR - Gmail service not initialized
2026-02-19 07:01:07,491 - ERROR - Gmail service not initialized
2026-02-19 07:01:20,213 - ERROR - Gmail service not initialized
2026-02-19 07:03:07,492 - ERROR - Gmail service not initialized
2026-02-19 07:03:20,216 - ERROR - Gmail service not initialized
2026-02-19 07:05:07,495 - ERROR - Gmail service not initialized
2026-02-19 07:05:20,225 - ERROR - Gmail service not initialized
2026-02-19 07:07:07,509 - ERROR - Gmail service not initialized
2026-02-19 07:07:20,227 - ERROR - Gmail service not initialized
2026-02-19 07:09:07,513 - ERROR - Gmail service not initialized
2026-02-19 07:09:20,236 - ERROR - Gmail service not initialized
2026-02-19 07:11:07,516 - ERROR - Gmail service not initialized
2026-02-19 07:11:20,241 - ERROR - Gmail service not initialized
2026-02-19 07:13:07,519 - ERROR - Gmail service not initialized
2026-02-19 07:13:20,244 - ERROR - Gmail service not initialized
2026-02-19 07:15:07,521 - ERROR - Gmail service not initialized
2026-02-19 07:15:20,251 - ERROR - Gmail service not initialized
2026-02-19 07:17:07,523 - ERROR - Gmail service not initialized
2026-02-19 07:17:20,253 - ERROR - Gmail service not initialized
2026-02-19 07:19:07,524 - ERROR - Gmail service not initialized
2026-02-19 07:19:20,254 - ERROR - Gmail service not initialized
2026-02-19 07:21:07,527 - ERROR - Gmail service not initialized
2026-02-19 07:21:20,256 - ERROR - Gmail service not initialized
2026-02-19 07:23:07,528 - ERROR - Gmail service not initialized
2026-02-19 07:23:20,263 - ERROR - Gmail service not initialized
2026-02-19 07:25:07,530 - ERROR - Gmail service not initialized
2026-02-19 07:25:20,264 - ERROR - Gmail service not initialized
2026-02-19 07:27:07,595 - ERROR - Gmail service not initialized
2026-02-19 07:27:20,271 - ERROR - Gmail service not initialized
2026-02-19 07:29:07,596 - ERROR - Gmail service not initialized
2026-02-19 07:29:20,281 - ERROR - Gmail service not initialized
2026-02-19 07:31:07,597 - ERROR - Gmail service not initialized
2026-02-19 07:31:20,282 - ERROR - Gmail service not initialized
2026-02-19 07:33:07,598 - ERROR - Gmail service not initialized
2026-02-19 07:33:20,282 - ERROR - Gmail service not initialized
2026-02-19 07:35:07,598 - ERROR - Gmail service not initialized
2026-02-19 07:35:20,283 - ERROR - Gmail service not initialized
2026-02-19 07:37:07,600 - ERROR - Gmail service not initialized
2026-02-19 07:37:20,285 - ERROR - Gmail service not initialized
2026-02-19 07:39:07,601 - ERROR - Gmail service not initialized
2026-02-19 07:39:20,286 - ERROR - Gmail service not initialized
2026-02-19 07:41:07,602 - ERROR - Gmail service not initialized
2026-02-19 07:41:20,287 - ERROR - Gmail service not initialized
2026-02-19 07:43:07,602 - ERROR - Gmail service not initialized
2026-02-19 07:43:20,289 - ERROR - Gmail service not initialized
2026-02-19 07:45:07,603 - ERROR - Gmail service not initialized
2026-02-19 07:45:20,290 - ERROR - Gmail service not initialized
2026-02-19 07:47:07,604 - ERROR - Gmail service not initialized
2026-02-19 07:47:20,291 - ERROR - Gmail service not initialized
2026-02-19 07:49:07,605 - ERROR - Gmail service not initialized
2026-02-19 07:49:20,292 - ERROR - Gmail service not initialized
2026-02-19 07:51:07,608 - ERROR - Gmail service not initialized
2026-02-19 07:51:20,293 - ERROR - Gmail service not initialized
2026-02-19 07:53:07,611 - ERROR - Gmail service not initialized
2026-02-19 07:53:20,294 - ERROR - Gmail service not initialized
2026-02-19 07:55:07,612 - ERROR - Gmail service not initialized
2026-02-19 07:55:20,295 - ERROR - Gmail service not initialized
2026-02-19 07:57:06,220 - ERROR - Gmail service not initialized
2026-02-19 07:57:18,904 - ERROR - Gmail service not initialized
2026-02-19 07:59:06,221 - ERROR - Gmail service not initialized
2026-02-19 07:59:18,906 - ERROR - Gmail service not initialized
2026-02-19 08:01:06,222 - ERROR - Gmail service not initialized
2026-02-19 08:01:18,908 - ERROR - Gmail service not initialized
2026-02-19 08:03:06,222 - ERROR - Gmail service not initialized
2026-02-19 08:03:18,910 - ERROR - Gmail service not initialized
2026-02-19 08:05:06,223 - ERROR - Gmail service not initialized
2026-02-19 08:05:18,910 - ERROR - Gmail service not initialized
2026-02-19 08:07:06,224 - ERROR - Gmail service not initialized
2026-02-19 08:57:46,323 - ERROR - Gmail service not initialized
2026-02-19 08:59:33,575 - ERROR - Gmail service not initialized
2026-02-19 08:59:46,325 - ERROR - Gmail service not initialized
2026-02-19 09:20:58,707 - ERROR - Gmail service not initialized
2026-02-19 09:21:11,456 - ERROR - Gmail service not initialized
2026-02-19 10:21:18,093 - ERROR - Gmail service not initialized
2026-02-19 10:21:30,884 - ERROR - Gmail service not initialized
2026-02-19 10:23:18,094 - ERROR - Gmail service not initialized
2026-02-19 10:23:30,890 - ERROR - Gmail service not initialized
2026-02-19 10:25:18,097 - ERROR - Gmail service not initialized
2026-02-19 10:25:30,891 - ERROR - Gmail service not initialized
2026-02-19 10:27:18,098 - ERROR - Gmail service not initialized
2026-02-19 10:27:30,892 - ERROR - Gmail service not initialized
2026-02-19 10:29:18,108 - ERROR - Gmail service not initialized
2026-02-19 10:29:30,892 - ERROR - Gmail service not initialized
2026-02-19 10:31:18,116 - ERROR - Gmail service not initialized
2026-02-19 10:31:30,893 - ERROR - Gmail service not initialized
2026-02-19 10:33:18,116 - ERROR - Gmail service not initialized
2026-02-19 10:33:30,896 - ERROR - Gmail service not initialized
2026-02-19 10:35:18,119 - ERROR - Gmail service not initialized
2026-02-19 10:35:30,902 - ERROR - Gmail service not initialized
2026-02-19 10:37:18,120 - ERROR - Gmail service not initialized
2026-02-19 10:37:30,905 - ERROR - Gmail service not initialized
2026-02-19 10:39:18,121 - ERROR - Gmail service not initialized
2026-02-19 10:39:30,906 - ERROR - Gmail service not initialized
2026-02-19 10:41:18,123 - ERROR - Gmail service not initialized
2026-02-19 10:41:30,908 - ERROR - Gmail service not initialized
2026-02-19 10:43:18,126 - ERROR - Gmail service not initialized
2026-02-19 10:43:30,908 - ERROR - Gmail service not initialized
2026-02-19 10:45:18,127 - ERROR - Gmail service not initialized
2026-02-19 10:45:30,910 - ERROR - Gmail service not initialized
2026-02-19 10:47:18,130 - ERROR - Gmail service not initialized
2026-02-19 10:47:30,912 - ERROR - Gmail service not initialized
2026-02-19 10:49:18,131 - ERROR - Gmail service not initialized
2026-02-19 10:49:30,913 - ERROR - Gmail service not initialized
2026-02-19 10:51:18,132 - ERROR - Gmail service not initialized
2026-02-19 10:51:30,914 - ERROR - Gmail service not initialized
2026-02-19 10:53:18,133 - ERROR - Gmail service not initialized
2026-02-19 10:53:30,914 - ERROR - Gmail service not initialized
2026-02-19 10:55:18,136 - ERROR - Gmail service not initialized
2026-02-19 10:55:30,917 - ERROR - Gmail service not initialized
2026-02-19 10:57:18,138 - ERROR - Gmail service not initialized
2026-02-19 10:57:30,920 - ERROR - Gmail service not initialized
2026-02-19 10:59:18,141 - ERROR - Gmail service not initialized
2026-02-19 10:59:30,926 - ERROR - Gmail service not initialized
2026-02-19 11:01:18,143 - ERROR - Gmail service not initialized
2026-02-19 11:01:30,927 - ERROR - Gmail service not initialized
2026-02-19 11:03:18,148 - ERROR - Gmail service not initialized
2026-02-19 11:03:30,928 - ERROR - Gmail service not initialized
2026-02-19 11:05:18,149 - ERROR - Gmail service not initialized
2026-02-19 11:05:30,929 - ERROR - Gmail service not initialized
2026-02-19 11:07:18,150 - ERROR - Gmail service not initialized
2026-02-19 11:07:30,930 - ERROR - Gmail service not initialized
2026-02-19 11:09:18,151 - ERROR - Gmail service not initialized
2026-02-19 11:09:30,934 - ERROR - Gmail service not initialized
2026-02-19 11:11:18,152 - ERROR - Gmail service not initialized
2026-02-19 11:11:30,937 - ERROR - Gmail service not initialized
2026-02-19 11:13:18,153 - ERROR - Gmail service not initialized
2026-02-19 11:13:30,938 - ERROR - Gmail service not initialized
2026-02-19 11:15:18,154 - ERROR - Gmail service not initialized
2026-02-19 11:15:30,943 - ERROR - Gmail service not initialized
2026-02-19 11:17:18,155 - ERROR - Gmail service not initialized
2026-02-19 11:17:30,946 - ERROR - Gmail service not initialized
2026-02-19 11:19:18,157 - ERROR - Gmail service not initialized
2026-02-19 11:19:30,948 - ERROR - Gmail service not initialized
2026-02-19 11:21:18,168 - ERROR - Gmail service not initialized
2026-02-19 11:21:30,950 - ERROR - Gmail service not initialized
2026-02-19 11:23:18,170 - ERROR - Gmail service not initialized
2026-02-19 11:23:30,951 - ERROR - Gmail service not initialized
2026-02-19 11:25:18,176 - ERROR - Gmail service not initialized
2026-02-19 11:25:30,951 - ERROR - Gmail service not initialized
2026-02-19 11:27:18,178 - ERROR - Gmail service not initialized
2026-02-19 11:27:30,953 - ERROR - Gmail service not initialized
2026-02-19 11:29:18,179 - ERROR - Gmail service not initialized
2026-02-19 11:29:30,954 - ERROR - Gmail service not initialized
2026-02-19 11:31:18,182 - ERROR - Gmail service not initialized
2026-02-19 11:31:30,958 - ERROR - Gmail service not initialized
2026-02-19 11:33:18,192 - ERROR - Gmail service not initialized
2026-02-19 11:33:30,958 - ERROR - Gmail service not initialized
2026-02-19 11:35:18,193 - ERROR - Gmail service not initialized
2026-02-19 11:35:30,963 - ERROR - Gmail service not initialized
2026-02-19 11:37:18,195 - ERROR - Gmail service not initialized
2026-02-19 11:37:30,967 - ERROR - Gmail service not initialized
2026-02-19 11:39:18,196 - ERROR - Gmail service not initialized
2026-02-19 11:39:30,968 - ERROR - Gmail service not initialized
2026-02-19 12:18:36,744 - ERROR - Gmail service not initialized
2026-02-19 12:18:49,475 - ERROR - Gmail service not initialized
2026-02-19 12:20:36,745 - ERROR - Gmail service not initialized
2026-02-19 12:20:49,477 - ERROR - Gmail service not initialized
2026-02-19 12:22:36,746 - ERROR - Gmail service not initialized
2026-02-19 12:22:49,479 - ERROR - Gmail service not initialized
2026-02-19 12:24:36,747 - ERROR - Gmail service not initialized
2026-02-19 12:24:49,480 - ERROR - Gmail service not initialized
2026-02-19 12:26:36,748 - ERROR - Gmail service not initialized
2026-02-19 12:26:49,481 - ERROR - Gmail service not initialized
2026-02-19 12:28:36,749 - ERROR - Gmail service not initialized
2026-02-19 12:28:49,481 - ERROR - Gmail service not initialized
2026-02-19 12:30:36,751 - ERROR - Gmail service not initialized
2026-02-19 12:30:49,482 - ERROR - Gmail service not initialized
2026-02-19 12:32:36,752 - ERROR - Gmail service not initialized
2026-02-19 12:32:49,484 - ERROR - Gmail service not initialized
2026-02-19 12:34:36,754 - ERROR - Gmail service not initialized
2026-02-19 12:34:49,485 - ERROR - Gmail service not initialized
2026-02-19 12:36:36,757 - ERROR - Gmail service not initialized
2026-02-19 12:36:49,487 - ERROR - Gmail service not initialized
2026-02-19 12:38:36,758 - ERROR - Gmail service not initialized
2026-02-19 12:38:49,488 - ERROR - Gmail service not initialized
2026-02-19 12:40:36,801 - ERROR - Gmail service not initialized
2026-02-19 12:40:49,489 - ERROR - Gmail service not initialized
2026-02-19 12:42:36,803 - ERROR - Gmail service not initialized
2026-02-19 12:42:49,490 - ERROR - Gmail service not initialized
2026-02-19 12:44:36,803 - ERROR - Gmail service not initialized
2026-02-19 12:44:49,491 - ERROR - Gmail service not initialized
2026-02-19 12:46:36,804 - ERROR - Gmail service not initialized
2026-02-19 12:46:49,492 - ERROR - Gmail service not initialized
2026-02-19 12:48:36,807 - ERROR - Gmail service not initialized
2026-02-19 12:48:49,492 - ERROR - Gmail service not initialized
2026-02-19 12:50:36,808 - ERROR - Gmail service not initialized
2026-02-19 12:50:49,493 - ERROR - Gmail service not initialized
2026-02-19 12:52:36,809 - ERROR - Gmail service not initialized
2026-02-19 12:52:49,494 - ERROR - Gmail service not initialized
2026-02-19 12:54:36,810 - ERROR - Gmail service not initialized
2026-02-19 12:54:49,495 - ERROR - Gmail service not initialized
2026-02-19 12:56:36,812 - ERROR - Gmail service not initialized
2026-02-19 12:56:49,496 - ERROR - Gmail service not initialized
2026-02-19 12:58:36,812 - ERROR - Gmail service not initialized
2026-02-19 12:58:49,497 - ERROR - Gmail service not initialized
2026-02-19 13:00:36,813 - ERROR - Gmail service not initialized
2026-02-19 13:00:49,498 - ERROR - Gmail service not initialized
2026-02-19 13:02:36,815 - ERROR - Gmail service not initialized
2026-02-19 13:02:49,502 - ERROR - Gmail service not initialized
2026-02-19 13:04:36,815 - ERROR - Gmail service not initialized
2026-02-19 13:04:49,503 - ERROR - Gmail service not initialized
2026-02-19 13:06:36,817 - ERROR - Gmail service not initialized
2026-02-19 13:06:49,504 - ERROR - Gmail service not initialized
2026-02-19 13:08:36,817 - ERROR - Gmail service not initialized
2026-02-19 13:08:49,505 - ERROR - Gmail service not initialized
2026-02-19 13:10:36,818 - ERROR - Gmail service not initialized
2026-02-19 13:10:49,505 - ERROR - Gmail service not initialized
2026-02-19 13:12:36,819 - ERROR - Gmail service not initialized
2026-02-19 13:12:49,507 - ERROR - Gmail service not initialized
2026-02-19 13:14:36,820 - ERROR - Gmail service not initialized
2026-02-19 13:14:49,509 - ERROR - Gmail service not initialized
2026-02-19 13:16:36,821 - ERROR - Gmail service not initialized
2026-02-19 13:16:49,510 - ERROR - Gmail service not initialized
2026-02-19 13:18:36,822 - ERROR - Gmail service not initialized
2026-02-19 13:18:49,511 - ERROR - Gmail service not initialized
2026-02-19 13:20:36,823 - ERROR - Gmail service not initialized
2026-02-19 13:20:49,513 - ERROR - Gmail service not initialized
2026-02-19 13:22:36,824 - ERROR - Gmail service not initialized
2026-02-19 13:22:49,516 - ERROR - Gmail service not initialized
2026-02-19 13:24:36,825 - ERROR - Gmail service not initialized
2026-02-19 13:24:49,517 - ERROR - Gmail service not initialized
2026-02-19 13:26:36,827 - ERROR - Gmail service not initialized
2026-02-19 13:26:49,521 - ERROR - Gmail service not initialized
2026-02-19 13:28:36,829 - ERROR - Gmail service not initialized
2026-02-19 13:28:49,523 - ERROR - Gmail service not initialized
2026-02-19 17:16:06,903 - ERROR - Gmail service not initialized
2026-02-19 17:16:19,596 - ERROR - Gmail service not initialized
2026-02-19 17:18:06,906 - ERROR - Gmail service not initialized
2026-02-19 17:18:19,598 - ERROR - Gmail service not initialized
2026-02-19 17:38:28,265 - ERROR - Gmail service not initialized
2026-02-19 17:38:40,951 - ERROR - Gmail service not initialized
2026-02-19 17:40:28,267 - ERROR - Gmail service not initialized
2026-02-19 17:40:40,954 - ERROR - Gmail service not initialized
2026-02-19 17:42:28,269 - ERROR - Gmail service not initialized
2026-02-19 17:42:40,955 - ERROR - Gmail service not initialized
2026-02-19 17:44:28,270 - ERROR - Gmail service not initialized
2026-02-19 17:44:40,956 - ERROR - Gmail service not initialized
2026-02-19 17:46:28,271 - ERROR - Gmail service not initialized
2026-02-19 17:46:40,957 - ERROR - Gmail service not initialized
2026-02-19 17:48:28,272 - ERROR - Gmail service not initialized
2026-02-19 17:48:40,980 - ERROR - Gmail service not initialized
2026-02-19 17:50:28,329 - ERROR - Gmail service not initialized
2026-02-19 17:50:41,056 - ERROR - Gmail service not initialized
2026-02-19 17:52:28,332 - ERROR - Gmail service not initialized
2026-02-19 17:52:41,069 - ERROR - Gmail service not initialized
2026-02-19 17:54:28,333 - ERROR - Gmail service not initialized
2026-02-19 17:54:41,070 - ERROR - Gmail service not initialized
2026-02-19 17:56:28,336 - ERROR - Gmail service not initialized
2026-02-19 17:56:41,084 - ERROR - Gmail service not initialized
2026-02-19 17:58:28,342 - ERROR - Gmail service not initialized
2026-02-19 17:58:41,084 - ERROR - Gmail service not initialized
2026-02-19 18:00:28,343 - ERROR - Gmail service not initialized
2026-02-19 18:00:41,087 - ERROR - Gmail service not initialized
2026-02-19 18:02:28,352 - ERROR - Gmail service not initialized
2026-02-19 18:02:41,088 - ERROR - Gmail service not initialized
2026-02-19 18:04:28,358 - ERROR - Gmail service not initialized
2026-02-19 18:04:41,160 - ERROR - Gmail service not initialized
2026-02-19 18:06:28,359 - ERROR - Gmail service not initialized
2026-02-19 18:06:41,169 - ERROR - Gmail service not initialized
2026-02-19 18:08:28,360 - ERROR - Gmail service not initialized
2026-02-19 18:08:41,171 - ERROR - Gmail service not initialized
2026-02-19 18:10:28,361 - ERROR - Gmail service not initialized
2026-02-19 18:10:41,172 - ERROR - Gmail service not initialized
2026-02-19 18:12:28,366 - ERROR - Gmail service not initialized
2026-02-19 18:12:41,180 - ERROR - Gmail service not initialized
2026-02-19 18:14:28,367 - ERROR - Gmail service not initialized
2026-02-19 18:14:41,182 - ERROR - Gmail service not initialized
2026-02-19 18:16:28,368 - ERROR - Gmail service not initialized
2026-02-19 18:16:41,191 - ERROR - Gmail service not initialized
2026-02-19 18:18:28,369 - ERROR - Gmail service not initialized
2026-02-19 18:18:41,191 - ERROR - Gmail service not initialized
2026-02-19 18:20:28,393 - ERROR - Gmail service not initialized
2026-02-19 18:20:41,193 - ERROR - Gmail service not initialized
2026-02-19 18:22:28,394 - ERROR - Gmail service not initialized
2026-02-19 18:22:41,194 - ERROR - Gmail service not initialized
2026-02-19 18:24:28,395 - ERROR - Gmail service not initialized
2026-02-19 18:24:41,198 - ERROR - Gmail service not initialized
2026-02-19 18:26:28,396 - ERROR - Gmail service not initialized
2026-02-19 18:26:41,200 - ERROR - Gmail service not initialized
2026-02-20 01:02:44,369 - ERROR - Gmail service not initialized
2026-02-20 01:02:57,176 - ERROR - Gmail service not initialized
2026-02-20 01:04:44,370 - ERROR - Gmail service not initialized
2026-02-20 01:04:57,178 - ERROR - Gmail service not initialized
2026-02-20 01:06:44,377 - ERROR - Gmail service not initialized
2026-02-20 01:06:57,182 - ERROR - Gmail service not initialized
2026-02-20 01:08:44,380 - ERROR - Gmail service not initialized
2026-02-20 01:08:57,183 - ERROR - Gmail service not initialized
2026-02-20 01:10:44,381 - ERROR - Gmail service not initialized
2026-02-20 01:10:57,185 - ERROR - Gmail service not initialized
2026-02-20 12:18:13,520 - ERROR - Gmail service not initialized
2026-02-20 12:18:26,319 - ERROR - Gmail service not initialized
2026-02-20 12:20:13,523 - ERROR - Gmail service not initialized
2026-02-20 12:20:26,325 - ERROR - Gmail service not initialized
2026-02-20 12:22:13,526 - ERROR - Gmail service not initialized
2026-02-20 12:22:26,329 - ERROR - Gmail service not initialized
2026-02-20 12:24:13,528 - ERROR - Gmail service not initialized
2026-02-20 12:24:26,333 - ERROR - Gmail service not initialized
2026-02-20 12:26:13,532 - ERROR - Gmail service not initialized
2026-02-20 12:26:26,336 - ERROR - Gmail service not initialized
2026-02-20 12:28:13,533 - ERROR - Gmail service not initialized
2026-02-20 12:28:26,339 - ERROR - Gmail service not initialized
2026-02-20 12:30:13,535 - ERROR - Gmail service not initialized
2026-02-20 12:30:26,340 - ERROR - Gmail service not initialized
2026-02-20 12:32:13,537 - ERROR - Gmail service not initialized
2026-02-20 12:32:26,341 - ERROR - Gmail service not initialized
2026-02-20 12:34:13,539 - ERROR - Gmail service not initialized
2026-02-20 12:34:26,343 - ERROR - Gmail service not initialized
2026-02-20 12:36:13,539 - ERROR - Gmail service not initialized
2026-02-20 12:36:26,344 - ERROR - Gmail service not initialized
2026-02-20 12:38:13,540 - ERROR - Gmail service not initialized
2026-02-20 12:38:26,345 - ERROR - Gmail service not initialized
2026-02-20 12:40:13,541 - ERROR - Gmail service not initialized
2026-02-20 12:40:26,347 - ERROR - Gmail service not initialized
2026-02-20 12:42:13,542 - ERROR - Gmail service not initialized
2026-02-20 12:42:26,349 - ERROR - Gmail service not initialized
2026-02-20 12:44:13,543 - ERROR - Gmail service not initialized
2026-02-20 12:44:26,349 - ERROR - Gmail service not initialized
2026-02-20 12:46:13,544 - ERROR - Gmail service not initialized
2026-02-20 12:46:26,350 - ERROR - Gmail service not initialized
2026-02-20 12:48:13,555 - ERROR - Gmail service not initialized
2026-02-20 12:48:26,351 - ERROR - Gmail service not initialized
2026-02-20 12:50:13,558 - ERROR - Gmail service not initialized
2026-02-20 12:50:26,356 - ERROR - Gmail service not initialized
2026-02-20 12:52:13,559 - ERROR - Gmail service not initialized
2026-02-20 12:52:26,357 - ERROR - Gmail service not initialized
2026-02-20 12:54:13,560 - ERROR - Gmail service not initialized
2026-02-20 12:54:26,358 - ERROR - Gmail service not initialized
2026-02-20 12:56:13,561 - ERROR - Gmail service not initialized
2026-02-20 12:56:26,359 - ERROR - Gmail service not initialized
2026-02-20 12:58:13,562 - ERROR - Gmail service not initialized
2026-02-20 12:58:26,360 - ERROR - Gmail service not initialized
2026-02-20 13:00:13,564 - ERROR - Gmail service not initialized
2026-02-20 13:00:26,361 - ERROR - Gmail service not initialized
2026-02-20 13:02:13,565 - ERROR - Gmail service not initialized
2026-02-20 13:02:26,362 - ERROR - Gmail service not initialized
2026-02-20 13:04:13,567 - ERROR - Gmail service not initialized
2026-02-20 13:04:26,362 - ERROR - Gmail service not initialized
2026-02-20 13:06:13,568 - ERROR - Gmail service not initialized
2026-02-20 13:06:26,363 - ERROR - Gmail service not initialized
2026-02-20 13:08:13,569 - ERROR - Gmail service not initialized
2026-02-20 13:08:26,364 - ERROR - Gmail service not initialized
2026-02-20 13:10:13,570 - ERROR - Gmail service not initialized
2026-02-20 13:10:26,366 - ERROR - Gmail service not initialized
2026-02-20 13:12:13,572 - ERROR - Gmail service not initialized
2026-02-20 13:12:26,367 - ERROR - Gmail service not initialized
2026-02-20 13:14:13,573 - ERROR - Gmail service not initialized
2026-02-20 13:14:26,368 - ERROR - Gmail service not initialized
2026-02-20 13:16:13,574 - ERROR - Gmail service not initialized
2026-02-20 13:16:26,368 - ERROR - Gmail service not initialized
2026-02-20 13:18:13,575 - ERROR - Gmail service not initialized
2026-02-20 13:18:26,375 - ERROR - Gmail service not initialized
2026-02-20 13:20:13,575 - ERROR - Gmail service not initialized
2026-02-20 13:20:26,379 - ERROR - Gmail service not initialized
2026-02-20 13:22:13,576 - ERROR - Gmail service not initialized
2026-02-20 13:22:26,380 - ERROR - Gmail service not initialized
2026-02-20 13:24:13,577 - ERROR - Gmail service not initialized
2026-02-20 13:24:26,381 - ERROR - Gmail service not initialized
2026-02-20 13:26:13,577 - ERROR - Gmail service not initialized
2026-02-20 13:26:26,382 - ERROR - Gmail service not initialized
2026-02-20 17:30:30,186 - ERROR - Gmail service not initialized
2026-02-20 17:30:42,981 - ERROR - Gmail service not initialized
2026-02-20 17:32:30,188 - ERROR - Gmail service not initialized
2026-02-20 17:32:42,983 - ERROR - Gmail service not initialized
2026-02-20 17:34:30,194 - ERROR - Gmail service not initialized
2026-02-20 17:34:42,992 - ERROR - Gmail service not initialized
2026-02-20 17:36:30,195 - ERROR - Gmail service not initialized
2026-02-20 17:36:42,994 - ERROR - Gmail service not initialized
2026-02-20 17:38:30,196 - ERROR - Gmail service not initialized
2026-02-20 17:38:42,995 - ERROR - Gmail service not initialized
2026-02-20 17:40:30,197 - ERROR - Gmail service not initialized
2026-02-20 17:40:42,996 - ERROR - Gmail service not initialized
2026-02-20 17:42:30,198 - ERROR - Gmail service not initialized
2026-02-20 17:42:42,996 - ERROR - Gmail service not initialized
2026-02-20 17:44:30,199 - ERROR - Gmail service not initialized
2026-02-20 17:44:42,997 - ERROR - Gmail service not initialized
2026-02-20 17:46:30,200 - ERROR - Gmail service not initialized
2026-02-20 17:46:42,998 - ERROR - Gmail service not initialized
2026-02-20 17:48:30,205 - ERROR - Gmail service not initialized
2026-02-20 17:48:42,999 - ERROR - Gmail service not initialized
2026-02-20 17:50:30,206 - ERROR - Gmail service not initialized
2026-02-20 17:50:43,001 - ERROR - Gmail service not initialized
2026-02-20 17:52:30,259 - ERROR - Gmail service not initialized
2026-02-20 17:52:43,014 - ERROR - Gmail service not initialized
2026-02-20 17:54:30,261 - ERROR - Gmail service not initialized
2026-02-20 17:54:43,016 - ERROR - Gmail service not initialized
2026-02-20 17:56:30,261 - ERROR - Gmail service not initialized
2026-02-20 17:56:43,017 - ERROR - Gmail service not initialized
2026-02-20 17:58:30,262 - ERROR - Gmail service not initialized
2026-02-20 17:58:43,018 - ERROR - Gmail service not initialized
2026-02-20 18:00:30,272 - ERROR - Gmail service not initialized
2026-02-20 18:00:43,019 - ERROR - Gmail service not initialized
2026-02-20 18:02:30,273 - ERROR - Gmail service not initialized
2026-02-20 18:02:43,021 - ERROR - Gmail service not initialized
2026-02-20 18:04:30,279 - ERROR - Gmail service not initialized
2026-02-20 18:04:43,022 - ERROR - Gmail service not initialized
2026-02-20 18:06:30,281 - ERROR - Gmail service not initialized
2026-02-20 18:06:43,027 - ERROR - Gmail service not initialized
2026-02-20 18:08:30,287 - ERROR - Gmail service not initialized
2026-02-20 18:08:43,028 - ERROR - Gmail service not initialized
2026-02-20 18:10:30,288 - ERROR - Gmail service not initialized
2026-02-20 18:10:43,029 - ERROR - Gmail service not initialized
2026-02-21 00:09:43,306 - ERROR - Gmail service not initialized
2026-02-21 00:09:56,045 - ERROR - Gmail service not initialized
2026-02-21 00:11:43,308 - ERROR - Gmail service not initialized
2026-02-21 00:11:56,047 - ERROR - Gmail service not initialized
2026-02-21 00:13:43,316 - ERROR - Gmail service not initialized
2026-02-21 00:13:56,048 - ERROR - Gmail service not initialized
2026-02-21 00:15:43,319 - ERROR - Gmail service not initialized
2026-02-21 00:15:56,048 - ERROR - Gmail service not initialized
2026-02-21 00:17:43,321 - ERROR - Gmail service not initialized
2026-02-21 00:17:56,085 - ERROR - Gmail service not initialized
2026-02-21 00:19:43,322 - ERROR - Gmail service not initialized
2026-02-21 00:19:56,090 - ERROR - Gmail service not initialized
2026-02-21 03:47:06,093 - ERROR - Gmail service not initialized
2026-02-21 03:47:18,862 - ERROR - Gmail service not initialized
2026-02-21 03:49:06,098 - ERROR - Gmail service not initialized
2026-02-21 03:49:18,863 - ERROR - Gmail service not initialized
2026-02-21 03:51:06,105 - ERROR - Gmail service not initialized
2026-02-21 03:51:18,866 - ERROR - Gmail service not initialized
2026-02-21 03:53:06,107 - ERROR - Gmail service not initialized
2026-02-21 03:53:18,867 - ERROR - Gmail service not initialized
2026-02-21 03:55:06,108 - ERROR - Gmail service not initialized
2026-02-21 03:55:18,880 - ERROR - Gmail service not initialized
2026-02-21 03:57:06,108 - ERROR - Gmail service not initialized
2026-02-21 03:57:18,902 - ERROR - Gmail service not initialized
2026-02-21 03:59:06,110 - ERROR - Gmail service not initialized
2026-02-21 03:59:18,919 - ERROR - Gmail service not initialized
2026-02-21 04:01:06,110 - ERROR - Gmail service not initialized
2026-02-21 04:01:18,921 - ERROR - Gmail service not initialized
2026-02-21 04:03:06,113 - ERROR - Gmail service not initialized
2026-02-21 04:03:18,930 - ERROR - Gmail service not initialized
2026-02-21 04:05:06,123 - ERROR - Gmail service not initialized
2026-02-21 04:05:18,961 - ERROR - Gmail service not initialized
2026-02-21 04:07:06,125 - ERROR - Gmail service not initialized
2026-02-21 04:07:18,969 - ERROR - Gmail service not initialized
2026-02-21 04:09:06,126 - ERROR - Gmail service not initialized
2026-02-21 04:09:18,971 - ERROR - Gmail service not initialized
2026-02-21 04:11:06,128 - ERROR - Gmail service not initialized
2026-02-21 04:11:18,974 - ERROR - Gmail service not initialized
2026-02-21 04:13:06,129 - ERROR - Gmail service not initialized
2026-02-21 04:13:18,976 - ERROR - Gmail service not initialized
2026-02-21 04:15:06,130 - ERROR - Gmail service not initialized
2026-02-21 04:15:18,978 - ERROR - Gmail service not initialized
2026-02-21 04:17:06,132 - ERROR - Gmail service not initialized
2026-02-21 04:17:18,980 - ERROR - Gmail service not initialized
2026-02-21 06:20:59,283 - ERROR - Gmail service not initialized
2026-02-21 06:21:12,126 - ERROR - Gmail service not initialized
2026-02-21 06:22:59,287 - ERROR - Gmail service not initialized
2026-02-21 06:23:12,134 - ERROR - Gmail service not initialized
2026-02-21 06:24:59,288 - ERROR - Gmail service not initialized
2026-02-21 06:25:12,135 - ERROR - Gmail service not initialized
2026-02-21 06:27:49,761 - ERROR - Gmail service not initialized
2026-02-21 06:28:02,562 - ERROR - Gmail service not initialized
2026-02-21 06:29:49,762 - ERROR - Gmail service not initialized
2026-02-21 06:30:02,564 - ERROR - Gmail service not initialized
2026-02-21 06:31:49,768 - ERROR - Gmail service not initialized
2026-02-21 06:32:02,570 - ERROR - Gmail service not initialized
2026-02-21 06:33:49,774 - ERROR - Gmail service not initialized
2026-02-21 06:34:02,573 - ERROR - Gmail service not initialized
2026-02-21 06:35:49,779 - ERROR - Gmail service not initialized
2026-02-21 06:36:02,582 - ERROR - Gmail service not initialized
2026-02-21 06:37:49,781 - ERROR - Gmail service not initialized
2026-02-21 06:38:02,594 - ERROR - Gmail service not initialized
2026-02-21 06:39:49,874 - ERROR - Gmail service not initialized
2026-02-21 06:40:02,604 - ERROR - Gmail service not initialized
2026-02-21 06:41:49,875 - ERROR - Gmail service not initialized
2026-02-21 06:42:02,607 - ERROR - Gmail service not initialized
2026-02-21 06:43:49,876 - ERROR - Gmail service not initialized
2026-02-21 06:44:02,608 - ERROR - Gmail service not initialized
2026-02-21 06:45:49,878 - ERROR - Gmail service not initialized
2026-02-21 06:46:02,610 - ERROR - Gmail service not initialized
2026-02-21 06:47:49,885 - ERROR - Gmail service not initialized
2026-02-21 06:48:02,615 - ERROR - Gmail service not initialized
2026-02-21 06:49:49,885 - ERROR - Gmail service not initialized
2026-02-21 06:50:02,617 - ERROR - Gmail service not initialized
2026-02-21 06:51:49,888 - ERROR - Gmail service not initialized
2026-02-21 06:52:02,618 - ERROR - Gmail service not initialized
2026-02-21 06:53:49,889 - ERROR - Gmail service not initialized
2026-02-21 06:54:02,620 - ERROR - Gmail service not initialized
2026-02-21 06:55:49,890 - ERROR - Gmail service not initialized
2026-02-21 06:56:02,624 - ERROR - Gmail service not initialized
2026-02-21 06:57:49,914 - ERROR - Gmail service not initialized
2026-02-21 06:58:02,629 - ERROR - Gmail service not initialized
2026-02-21 06:59:49,924 - ERROR - Gmail service not initialized
2026-02-21 07:00:02,630 - ERROR - Gmail service not initialized
2026-02-21 07:01:49,944 - ERROR - Gmail service not initialized
2026-02-21 07:02:02,632 - ERROR - Gmail service not initialized
2026-02-21 07:03:49,946 - ERROR - Gmail service not initialized
2026-02-21 07:04:02,633 - ERROR - Gmail service not initialized
2026-02-21 07:05:49,954 - ERROR - Gmail service not initialized
2026-02-21 07:06:02,635 - ERROR - Gmail service not initialized
2026-02-21 07:07:49,956 - ERROR - Gmail service not initialized
2026-02-21 07:08:02,636 - ERROR - Gmail service not initialized
2026-02-21 07:09:49,957 - ERROR - Gmail service not initialized
2026-02-21 07:10:02,637 - ERROR - Gmail service not initialized
2026-02-21 07:11:49,961 - ERROR - Gmail service not initialized
2026-02-21 07:12:02,638 - ERROR - Gmail service not initialized
2026-02-21 07:13:49,972 - ERROR - Gmail service not initialized
2026-02-21 07:14:02,639 - ERROR - Gmail service not initialized
2026-02-21 07:15:49,973 - ERROR - Gmail service not initialized
2026-02-21 07:16:02,641 - ERROR - Gmail service not initialized
2026-02-21 07:17:49,975 - ERROR - Gmail service not initialized
2026-02-21 07:18:02,645 - ERROR - Gmail service not initialized
2026-02-21 07:19:49,976 - ERROR - Gmail service not initialized
2026-02-21 07:20:02,646 - ERROR - Gmail service not initialized
2026-02-21 07:21:49,984 - ERROR - Gmail service not initialized
2026-02-21 07:22:02,648 - ERROR - Gmail service not initialized
2026-02-21 07:23:49,985 - ERROR - Gmail service not initialized
2026-02-21 07:24:02,650 - ERROR - Gmail service not initialized
2026-02-21 07:25:49,986 - ERROR - Gmail service not initialized
2026-02-21 07:26:02,656 - ERROR - Gmail service not initialized
2026-02-21 07:27:49,987 - ERROR - Gmail service not initialized
2026-02-21 07:28:02,657 - ERROR - Gmail service not initialized
2026-02-21 07:29:49,990 - ERROR - Gmail service not initialized
2026-02-21 07:30:02,658 - ERROR - Gmail service not initialized
2026-02-21 07:31:49,995 - ERROR - Gmail service not initialized
2026-02-21 07:32:02,659 - ERROR - Gmail service not initialized
2026-02-21 07:33:49,997 - ERROR - Gmail service not initialized
2026-02-21 07:34:02,663 - ERROR - Gmail service not initialized
2026-02-21 07:35:49,998 - ERROR - Gmail service not initialized
2026-02-21 07:36:02,666 - ERROR - Gmail service not initialized
2026-02-21 07:37:49,999 - ERROR - Gmail service not initialized
2026-02-21 07:38:02,669 - ERROR - Gmail service not initialized
2026-02-21 07:39:50,026 - ERROR - Gmail service not initialized
2026-02-21 07:40:02,670 - ERROR - Gmail service not initialized
2026-02-21 07:41:50,027 - ERROR - Gmail service not initialized
2026-02-21 07:42:02,672 - ERROR - Gmail service not initialized
2026-02-21 07:43:50,090 - ERROR - Gmail service not initialized
2026-02-21 07:44:02,672 - ERROR - Gmail service not initialized
2026-02-21 07:45:50,099 - ERROR - Gmail service not initialized
2026-02-21 07:46:02,681 - ERROR - Gmail service not initialized
2026-02-21 07:47:50,158 - ERROR - Gmail service not initialized
2026-02-21 07:48:02,708 - ERROR - Gmail service not initialized
2026-02-21 07:49:50,199 - ERROR - Gmail service not initialized
2026-02-21 07:50:02,727 - ERROR - Gmail service not initialized
2026-02-21 07:51:50,206 - ERROR - Gmail service not initialized
2026-02-21 07:52:02,773 - ERROR - Gmail service not initialized
2026-02-21 07:53:50,210 - ERROR - Gmail service not initialized
2026-02-21 07:54:02,780 - ERROR - Gmail service not initialized
2026-02-21 07:55:50,267 - ERROR - Gmail service not initialized
2026-02-21 07:56:02,790 - ERROR - Gmail service not initialized
2026-02-21 07:57:50,268 - ERROR - Gmail service not initialized
2026-02-21 07:58:02,794 - ERROR - Gmail service not initialized
2026-02-21 07:59:50,269 - ERROR - Gmail service not initialized
2026-02-21 08:00:02,796 - ERROR - Gmail service not initialized
2026-02-21 08:01:50,270 - ERROR - Gmail service not initialized
2026-02-21 08:02:02,798 - ERROR - Gmail service not initialized
2026-02-21 08:03:50,283 - ERROR - Gmail service not initialized
2026-02-21 08:04:02,799 - ERROR - Gmail service not initialized
2026-02-21 08:05:50,287 - ERROR - Gmail service not initialized
2026-02-21 08:06:02,803 - ERROR - Gmail service not initialized
2026-02-21 08:07:50,288 - ERROR - Gmail service not initialized
2026-02-21 08:08:02,805 - ERROR - Gmail service not initialized
2026-02-21 08:09:50,289 - ERROR - Gmail service not initialized
2026-02-21 08:10:02,806 - ERROR - Gmail service not initialized
2026-02-21 08:11:50,291 - ERROR - Gmail service not initialized
2026-02-21 08:12:02,808 - ERROR - Gmail service not initialized
2026-02-21 08:13:50,294 - ERROR - Gmail service not initialized
2026-02-21 08:14:02,809 - ERROR - Gmail service not initialized
2026-02-21 08:15:50,295 - ERROR - Gmail service not initialized
2026-02-21 08:16:02,812 - ERROR - Gmail service not initialized
2026-02-21 08:17:50,296 - ERROR - Gmail service not initialized
2026-02-21 08:18:02,947 - ERROR - Gmail service not initialized
2026-02-21 08:19:50,298 - ERROR - Gmail service not initialized
2026-02-21 08:20:02,956 - ERROR - Gmail service not initialized
2026-02-21 08:21:50,302 - ERROR - Gmail service not initialized
2026-02-21 08:22:02,958 - ERROR - Gmail service not initialized
2026-02-21 08:23:50,303 - ERROR - Gmail service not initialized
2026-02-21 08:24:02,973 - ERROR - Gmail service not initialized
2026-02-21 08:25:50,347 - ERROR - Gmail service not initialized
2026-02-21 08:26:02,977 - ERROR - Gmail service not initialized
2026-02-21 08:27:50,348 - ERROR - Gmail service not initialized
2026-02-21 08:28:02,979 - ERROR - Gmail service not initialized
2026-02-21 08:29:50,353 - ERROR - Gmail service not initialized
2026-02-21 08:30:03,032 - ERROR - Gmail service not initialized
2026-02-21 08:31:50,354 - ERROR - Gmail service not initialized
2026-02-21 08:32:03,036 - ERROR - Gmail service not initialized
2026-02-21 08:33:50,355 - ERROR - Gmail service not initialized
2026-02-21 08:34:03,041 - ERROR - Gmail service not initialized
2026-02-21 08:35:50,357 - ERROR - Gmail service not initialized
2026-02-21 08:36:03,048 - ERROR - Gmail service not initialized
2026-02-21 08:37:50,358 - ERROR - Gmail service not initialized
2026-02-21 08:38:03,049 - ERROR - Gmail service not initialized
2026-02-21 08:39:50,368 - ERROR - Gmail service not initialized
2026-02-21 08:40:03,052 - ERROR - Gmail service not initialized
2026-02-21 08:41:50,371 - ERROR - Gmail service not initialized
2026-02-21 08:42:03,054 - ERROR - Gmail service not initialized
2026-02-21 08:43:50,372 - ERROR - Gmail service not initialized
2026-02-21 08:44:03,070 - ERROR - Gmail service not initialized
2026-02-21 08:45:50,377 - ERROR - Gmail service not initialized
2026-02-21 08:46:03,076 - ERROR - Gmail service not initialized
2026-02-21 08:47:50,379 - ERROR - Gmail service not initialized
2026-02-21 08:48:03,082 - ERROR - Gmail service not initialized
2026-02-21 08:49:50,380 - ERROR - Gmail service not initialized
2026-02-21 08:50:03,083 - ERROR - Gmail service not initialized
2026-02-21 08:51:50,382 - ERROR - Gmail service not initialized
2026-02-21 08:52:03,085 - ERROR - Gmail service not initialized
2026-02-21 08:53:50,383 - ERROR - Gmail service not initialized
2026-02-21 08:54:03,086 - ERROR - Gmail service not initialized
2026-02-21 08:55:50,384 - ERROR - Gmail service not initialized
2026-02-21 08:56:03,087 - ERROR - Gmail service not initialized
2026-02-21 08:57:50,385 - ERROR - Gmail service not initialized
2026-02-21 08:58:03,088 - ERROR - Gmail service not initialized
2026-02-21 08:59:50,386 - ERROR - Gmail service not initialized
2026-02-21 09:00:03,089 - ERROR - Gmail service not initialized
2026-02-21 09:01:50,387 - ERROR - Gmail service not initialized
2026-02-21 09:02:03,090 - ERROR - Gmail service not initialized
2026-02-21 09:03:50,391 - ERROR - Gmail service not initialized
2026-02-21 09:04:03,091 - ERROR - Gmail service not initialized
2026-02-21 09:05:50,401 - ERROR - Gmail service not initialized
2026-02-21 09:06:03,092 - ERROR - Gmail service not initialized
2026-02-21 09:07:50,403 - ERROR - Gmail service not initialized
2026-02-21 09:08:03,093 - ERROR - Gmail service not initialized
2026-02-21 09:09:50,407 - ERROR - Gmail service not initialized
2026-02-21 09:10:03,096 - ERROR - Gmail service not initialized
2026-02-21 09:11:50,410 - ERROR - Gmail service not initialized
2026-02-21 09:12:03,112 - ERROR - Gmail service not initialized
2026-02-21 09:13:50,417 - ERROR - Gmail service not initialized
2026-02-21 09:14:03,122 - ERROR - Gmail service not initialized
2026-02-21 09:15:50,421 - ERROR - Gmail service not initialized
2026-02-21 09:16:03,133 - ERROR - Gmail service not initialized
2026-02-21 09:17:50,422 - ERROR - Gmail service not initialized
2026-02-21 09:18:03,140 - ERROR - Gmail service not initialized
2026-02-21 09:19:50,433 - ERROR - Gmail service not initialized
2026-02-21 09:20:03,157 - ERROR - Gmail service not initialized
2026-02-21 09:21:50,441 - ERROR - Gmail service not initialized
2026-02-21 09:25:29,659 - ERROR - Gmail service not initialized
2026-02-21 10:10:09,541 - ERROR - Gmail service not initialized
2026-02-21 10:10:22,261 - ERROR - Gmail service not initialized
2026-02-21 10:12:09,548 - ERROR - Gmail service not initialized
2026-02-21 10:12:22,268 - ERROR - Gmail service not initialized
2026-02-21 10:47:41,635 - ERROR - Gmail service not initialized
2026-02-21 10:47:54,360 - ERROR - Gmail service not initialized
